<?xml version="1.0" encoding="UTF-8"?>
<testng-results skipped="0" failed="0" ignored="0" total="1" passed="1">
  <reporter-output>
  </reporter-output>
  <suite name="Default suite" duration-ms="45440" started-at="2020-05-17T13:54:39 CEST" finished-at="2020-05-17T13:55:24 CEST">
    <groups>
    </groups>
    <test name="Default test" duration-ms="45440" started-at="2020-05-17T13:54:39 CEST" finished-at="2020-05-17T13:55:24 CEST">
      <class name="testNGClasses.TestingPrice">
        <test-method status="PASS" signature="openBrowser()[pri:0, instance:testNGClasses.TestingPrice@9660f4e]" name="openBrowser" is-config="true" duration-ms="23275" started-at="2020-05-17T13:54:39 CEST" finished-at="2020-05-17T13:55:02 CEST">
          <reporter-output>
          </reporter-output>
        </test-method> <!-- openBrowser -->
        <test-method status="PASS" signature="checkPrice()[pri:0, instance:testNGClasses.TestingPrice@9660f4e]" name="checkPrice" duration-ms="21331" started-at="2020-05-17T13:55:02 CEST" finished-at="2020-05-17T13:55:24 CEST">
          <reporter-output>
          </reporter-output>
        </test-method> <!-- checkPrice -->
        <test-method status="PASS" signature="close()[pri:0, instance:testNGClasses.TestingPrice@9660f4e]" name="close" is-config="true" duration-ms="750" started-at="2020-05-17T13:55:24 CEST" finished-at="2020-05-17T13:55:24 CEST">
          <reporter-output>
          </reporter-output>
        </test-method> <!-- close -->
      </class> <!-- testNGClasses.TestingPrice -->
    </test> <!-- Default test -->
  </suite> <!-- Default suite -->
</testng-results>
